<?xml version="1.0" encoding="UTF-8"?>
<!-- Generated by org.testng.reporters.JUnitReportReporter -->
<testsuite skipped="0" hostname="ENG-ESSRAA" name="TESTS.TC001" tests="1" failures="0" timestamp="26 Oct 2018 22:45:58 GMT" time="0.044" errors="0">
  <testcase name="dummy" time="0.044" classname="TESTS.TC001"/>
</testsuite> <!-- TESTS.TC001 -->
